e:\code\qt\imgcompress\imgcompress\x64\release\imgcompress.obj
e:\code\qt\imgcompress\imgcompress\x64\release\main.obj
e:\code\qt\imgcompress\imgcompress\x64\release\moc_imgcompress.obj
e:\code\qt\imgcompress\imgcompress\x64\release\qrc_imgcompress.obj
e:\code\qt\imgcompress\imgcompress\x64\release\sonmain.obj
e:\code\qt\imgcompress\imgcompress\x64\release\moc_sonmain.obj
e:\code\qt\imgcompress\imgcompress\generatedfiles\ui_imgcompress.h
e:\code\qt\imgcompress\imgcompress\generatedfiles\qrc_imgcompress.cpp
e:\code\qt\imgcompress\imgcompress\generatedfiles\release\moc_imgcompress.cpp
e:\code\qt\imgcompress\imgcompress\generatedfiles\ui_sonmain.h
e:\code\qt\imgcompress\imgcompress\generatedfiles\release\moc_sonmain.cpp
e:\code\qt\imgcompress\x64\release\imgcompress.exe
e:\code\qt\imgcompress\imgcompress\.\generatedfiles\release\moc_imgcompress.cpp
e:\code\qt\imgcompress\imgcompress\.\generatedfiles\release\moc_sonmain.cpp
e:\code\qt\imgcompress\imgcompress\.\generatedfiles\qrc_imgcompress.cpp
e:\code\qt\imgcompress\imgcompress\.\generatedfiles\ui_imgcompress.h
e:\code\qt\imgcompress\imgcompress\.\generatedfiles\ui_sonmain.h
e:\code\qt\imgcompress\imgcompress\x64\release\imgcompress.tlog\cl.command.1.tlog
e:\code\qt\imgcompress\imgcompress\x64\release\imgcompress.tlog\cl.read.1.tlog
e:\code\qt\imgcompress\imgcompress\x64\release\imgcompress.tlog\cl.write.1.tlog
e:\code\qt\imgcompress\imgcompress\x64\release\imgcompress.tlog\imgcompress.write.1u.tlog
e:\code\qt\imgcompress\imgcompress\x64\release\imgcompress.tlog\link.command.1.tlog
e:\code\qt\imgcompress\imgcompress\x64\release\imgcompress.tlog\link.read.1.tlog
e:\code\qt\imgcompress\imgcompress\x64\release\imgcompress.tlog\link.write.1.tlog
e:\code\qt\imgcompress\imgcompress\x64\release\imgcompress.tlog\moc.read.1u.tlog
e:\code\qt\imgcompress\imgcompress\x64\release\imgcompress.tlog\moc.write.1u.tlog
e:\code\qt\imgcompress\imgcompress\x64\release\imgcompress.tlog\rcc.read.1u.tlog
e:\code\qt\imgcompress\imgcompress\x64\release\imgcompress.tlog\rcc.write.1u.tlog
e:\code\qt\imgcompress\imgcompress\x64\release\imgcompress.tlog\uic.read.1u.tlog
e:\code\qt\imgcompress\imgcompress\x64\release\imgcompress.tlog\uic.write.1u.tlog
