生成启动时间为 2019/4/11 23:15:55。
     1>项目“E:\Code\QT\imgCompress\imgCompress\imgCompress.vcxproj”在节点 2 上(Rebuild 个目标)。
     1>QtRccSetDependencies:
         "D:\QT\5.12.0\msvc2015_64\bin\rcc.exe" --list "imgCompress.qrc" > "x64\Release\rcc_list.txt" 2> nul
       QtWork:
         Uic'ing imgCompress.ui...
         Uic'ing sonMain.ui...
         Rcc'ing imgCompress.qrc...
         Moc'ing imgCompress.h...
         Moc'ing sonMain.h...
          RCC: Warning: No resources in 'E:\Code\QT\imgCompress\imgCompress\imgCompress.qrc'.
     1>C:\Program Files (x86)\MSBuild\Microsoft.Cpp\v4.0\V140\Microsoft.CppBuild.targets(936,5): warning MSB8027: Two or more files with the name of qrc_imgCompress.cpp will produce outputs to the same location. This can lead to an incorrect build result.  The files involved are GeneratedFiles\qrc_imgCompress.cpp, GeneratedFiles\qrc_imgCompress.cpp.
       ClCompile:
         E:\VS2015\VC\bin\x86_amd64\CL.exe /c /I.\GeneratedFiles /I. /ID:\QT\5.12.0\msvc2015_64\include /I.\GeneratedFiles\Release /ID:\QT\5.12.0\msvc2015_64\include\QtCore /ID:\QT\5.12.0\msvc2015_64\include\QtGui /ID:\QT\5.12.0\msvc2015_64\include\QtANGLE /ID:\QT\5.12.0\msvc2015_64\include\QtWidgets /nologo /W1 /WX- /MP /O2 /D UNICODE /D _UNICODE /D WIN32 /D _ENABLE_EXTENDED_ALIGNED_STORAGE /D WIN64 /D QT_DLL /D QT_NO_DEBUG /D NDEBUG /D QT_CORE_LIB /D QT_GUI_LIB /D QT_WIDGETS_LIB /Gm- /EHsc /MD /GS /fp:precise /Zc:wchar_t /Zc:forScope /Zc:inline /Fo"x64\Release\\" /Fd"x64\Release\vc140.pdb" /Gd /TP /errorReport:prompt GeneratedFiles\qrc_imgCompress.cpp
         qrc_imgCompress.cpp
         E:\VS2015\VC\bin\x86_amd64\CL.exe /c /I.\GeneratedFiles /I. /ID:\QT\5.12.0\msvc2015_64\include /I.\GeneratedFiles\Release /ID:\QT\5.12.0\msvc2015_64\include\QtCore /ID:\QT\5.12.0\msvc2015_64\include\QtGui /ID:\QT\5.12.0\msvc2015_64\include\QtANGLE /ID:\QT\5.12.0\msvc2015_64\include\QtWidgets /nologo /W1 /WX- /MP /O2 /D UNICODE /D _UNICODE /D WIN32 /D _ENABLE_EXTENDED_ALIGNED_STORAGE /D WIN64 /D QT_DLL /D QT_NO_DEBUG /D NDEBUG /D QT_CORE_LIB /D QT_GUI_LIB /D QT_WIDGETS_LIB /Gm- /EHsc /MD /GS /fp:precise /Zc:wchar_t /Zc:forScope /Zc:inline /Fo"x64\Release\\" /Fd"x64\Release\vc140.pdb" /Gd /TP /errorReport:prompt imgCompress.cpp main.cpp sonMain.cpp GeneratedFiles\Release\moc_imgCompress.cpp GeneratedFiles\Release\moc_sonMain.cpp
         imgCompress.cpp
         main.cpp
         sonMain.cpp
         moc_imgCompress.cpp
         moc_sonMain.cpp
       Link:
         E:\VS2015\VC\bin\x86_amd64\link.exe /ERRORREPORT:PROMPT /OUT:"E:\Code\QT\imgCompress\x64\Release\\imgCompress.exe" /NOLOGO /LIBPATH:D:\QT\5.12.0\msvc2015_64\lib qtmain.lib Qt5Core.lib Qt5Gui.lib Qt5Widgets.lib kernel32.lib user32.lib gdi32.lib winspool.lib comdlg32.lib advapi32.lib shell32.lib ole32.lib oleaut32.lib uuid.lib odbc32.lib odbccp32.lib /MANIFEST /MANIFESTUAC:"level='asInvoker' uiAccess='false'" /manifest:embed /PDB:"E:\Code\QT\imgCompress\x64\Release\imgCompress.pdb" /SUBSYSTEM:WINDOWS /TLBID:1 /DYNAMICBASE /NXCOMPAT /IMPLIB:"E:\Code\QT\imgCompress\x64\Release\imgCompress.lib" /MACHINE:X64 x64\Release\qrc_imgCompress.obj
         x64\Release\imgCompress.obj
         x64\Release\main.obj
         x64\Release\sonMain.obj
         x64\Release\qrc_imgCompress.obj
         x64\Release\moc_imgCompress.obj
         x64\Release\moc_sonMain.obj
     1>x64\Release\qrc_imgCompress.obj : warning LNK4042: 对象被多次指定；已忽略多余的指定
         imgCompress.vcxproj -> E:\Code\QT\imgCompress\x64\Release\imgCompress.exe
     1>已完成生成项目“E:\Code\QT\imgCompress\imgCompress\imgCompress.vcxproj”(Rebuild 个目标)的操作。

已成功生成。

已用时间 00:00:02.98
