e:\code\qt\imgcompress\imgcompress\x64\debug\imgcompress.obj
e:\code\qt\imgcompress\imgcompress\x64\debug\moc_imgcompress.obj
e:\code\qt\imgcompress\imgcompress\x64\debug\qrc_imgcompress.obj
e:\code\qt\imgcompress\imgcompress\x64\debug\main.obj
e:\code\qt\imgcompress\imgcompress\x64\debug\vc140.pdb
e:\code\qt\imgcompress\imgcompress\generatedfiles\ui_imgcompress.h
e:\code\qt\imgcompress\imgcompress\generatedfiles\qrc_imgcompress.cpp
e:\code\qt\imgcompress\imgcompress\generatedfiles\debug\moc_imgcompress.cpp
e:\code\qt\imgcompress\x64\debug\imgcompress.ilk
e:\code\qt\imgcompress\x64\debug\imgcompress.exe
e:\code\qt\imgcompress\x64\debug\imgcompress.pdb
e:\code\qt\imgcompress\imgcompress\.\generatedfiles\debug\moc_imgcompress.cpp
e:\code\qt\imgcompress\imgcompress\.\generatedfiles\qrc_imgcompress.cpp
e:\code\qt\imgcompress\imgcompress\.\generatedfiles\ui_imgcompress.h
e:\code\qt\imgcompress\imgcompress\x64\debug\imgcompress.tlog\cl.command.1.tlog
e:\code\qt\imgcompress\imgcompress\x64\debug\imgcompress.tlog\cl.read.1.tlog
e:\code\qt\imgcompress\imgcompress\x64\debug\imgcompress.tlog\cl.write.1.tlog
e:\code\qt\imgcompress\imgcompress\x64\debug\imgcompress.tlog\imgcompress.write.1u.tlog
e:\code\qt\imgcompress\imgcompress\x64\debug\imgcompress.tlog\link.command.1.tlog
e:\code\qt\imgcompress\imgcompress\x64\debug\imgcompress.tlog\link.read.1.tlog
e:\code\qt\imgcompress\imgcompress\x64\debug\imgcompress.tlog\link.write.1.tlog
e:\code\qt\imgcompress\imgcompress\x64\debug\imgcompress.tlog\moc.read.1u.tlog
e:\code\qt\imgcompress\imgcompress\x64\debug\imgcompress.tlog\moc.write.1u.tlog
e:\code\qt\imgcompress\imgcompress\x64\debug\imgcompress.tlog\rcc.read.1u.tlog
e:\code\qt\imgcompress\imgcompress\x64\debug\imgcompress.tlog\rcc.write.1u.tlog
e:\code\qt\imgcompress\imgcompress\x64\debug\imgcompress.tlog\uic.read.1u.tlog
e:\code\qt\imgcompress\imgcompress\x64\debug\imgcompress.tlog\uic.write.1u.tlog
