生成启动时间为 2019/4/11 23:09:13。
     1>项目“E:\Code\QT\imgCompress\imgCompress\imgCompress.vcxproj”在节点 2 上(Build 个目标)。
     1>QtRccSetDependencies:
         "D:\QT\5.12.0\msvc2015_64\bin\rcc.exe" --list "imgCompress.qrc" > "x64\Debug\rcc_list.txt" 2> nul
     1>C:\Program Files (x86)\MSBuild\Microsoft.Cpp\v4.0\V140\Microsoft.CppBuild.targets(936,5): warning MSB8027: Two or more files with the name of qrc_imgCompress.cpp will produce outputs to the same location. This can lead to an incorrect build result.  The files involved are GeneratedFiles\qrc_imgCompress.cpp, GeneratedFiles\qrc_imgCompress.cpp.
       ClCompile:
         E:\VS2015\VC\bin\x86_amd64\CL.exe /c /I.\GeneratedFiles /I. /ID:\QT\5.12.0\msvc2015_64\include /I.\GeneratedFiles\Debug /ID:\QT\5.12.0\msvc2015_64\include\QtCore /ID:\QT\5.12.0\msvc2015_64\include\QtGui /ID:\QT\5.12.0\msvc2015_64\include\QtANGLE /ID:\QT\5.12.0\msvc2015_64\include\QtWidgets /Zi /nologo /W1 /WX- /MP /Od /D UNICODE /D _UNICODE /D WIN32 /D _ENABLE_EXTENDED_ALIGNED_STORAGE /D WIN64 /D QT_DLL /D QT_CORE_LIB /D QT_GUI_LIB /D QT_WIDGETS_LIB /Gm- /EHsc /MDd /GS /fp:precise /Zc:wchar_t /Zc:forScope /Zc:inline /Fo"x64\Debug\\" /Fd"x64\Debug\vc140.pdb" /Gd /TP /errorReport:prompt sonMain.cpp
         sonMain.cpp
       Link:
         E:\VS2015\VC\bin\x86_amd64\link.exe /ERRORREPORT:PROMPT /OUT:"E:\Code\QT\imgCompress\x64\Debug\\imgCompress.exe" /NOLOGO /LIBPATH:D:\QT\5.12.0\msvc2015_64\lib qtmaind.lib Qt5Cored.lib Qt5Guid.lib Qt5Widgetsd.lib kernel32.lib user32.lib gdi32.lib winspool.lib comdlg32.lib advapi32.lib shell32.lib ole32.lib oleaut32.lib uuid.lib odbc32.lib odbccp32.lib /MANIFEST /MANIFESTUAC:"level='asInvoker' uiAccess='false'" /manifest:embed /Debug /PDB:"E:\Code\QT\imgCompress\x64\Debug\imgCompress.pdb" /SUBSYSTEM:WINDOWS /TLBID:1 /DYNAMICBASE /NXCOMPAT /IMPLIB:"E:\Code\QT\imgCompress\x64\Debug\imgCompress.lib" /MACHINE:X64 x64\Debug\qrc_imgCompress.obj
         x64\Debug\imgCompress.obj
         x64\Debug\main.obj
         x64\Debug\sonMain.obj
         x64\Debug\qrc_imgCompress.obj
         x64\Debug\moc_imgCompress.obj
         x64\Debug\moc_sonMain.obj
         imgCompress.vcxproj -> E:\Code\QT\imgCompress\x64\Debug\imgCompress.exe
     1>已完成生成项目“E:\Code\QT\imgCompress\imgCompress\imgCompress.vcxproj”(Build 个目标)的操作。

已成功生成。

已用时间 00:00:01.42
